<?xml version="1.0" encoding="UTF-8"?>
<!-- Generated by org.testng.reporters.JUnitReportReporter -->
<testsuite hostname="LAPTOP-BTR2EQGH" name="com.apex.service.customer.test.NewTest" tests="6" failures="0" timestamp="30 Nov 2018 21:19:37 GMT" time="1.265" errors="0">
  <testcase name="testGETwithBlankData" time="0.000" classname="com.apex.service.customer.test.NewTest"/>
  <testcase name="testGETwith404" time="0.016" classname="com.apex.service.customer.test.NewTest"/>
  <testcase name="testGETwith403" time="0.000" classname="com.apex.service.customer.test.NewTest"/>
  <testcase name="testGETwithNonNumeric" time="0.000" classname="com.apex.service.customer.test.NewTest"/>
  <testcase name="testGETwithSuccessData" time="1.249" classname="com.apex.service.customer.test.NewTest"/>
  <testcase name="testGETwith500" time="0.000" classname="com.apex.service.customer.test.NewTest"/>
</testsuite> <!-- com.apex.service.customer.test.NewTest -->
