<?xml version="1.0" encoding="UTF-8"?>
<!-- Generated by org.testng.reporters.JUnitReportReporter -->
<testsuite hostname="LAPTOP-BTR2EQGH" name="com.apex.service.customer.test.CustomerServiceTest_NG" tests="6" failures="0" timestamp="30 Nov 2018 22:10:48 GMT" time="1.451" errors="0">
  <testcase name="testGETwithNonNumeric" time="0.000" classname="com.apex.service.customer.test.CustomerServiceTest_NG"/>
  <testcase name="testGETwithSuccessData" time="0.430" classname="com.apex.service.customer.test.CustomerServiceTest_NG"/>
  <testcase name="testGETwith404" time="1.021" classname="com.apex.service.customer.test.CustomerServiceTest_NG"/>
  <testcase name="testGETwith500" time="0.000" classname="com.apex.service.customer.test.CustomerServiceTest_NG"/>
  <testcase name="testGETwithBlankData" time="0.000" classname="com.apex.service.customer.test.CustomerServiceTest_NG"/>
  <testcase name="testGETwith403" time="0.000" classname="com.apex.service.customer.test.CustomerServiceTest_NG"/>
</testsuite> <!-- com.apex.service.customer.test.CustomerServiceTest_NG -->
